Using pre-set license
Built from '2020.3/staging' branch; Version is '2020.3.25f1 (9b9180224418) revision 10195328'; Using compiler version '192528614'; Build Type 'Release'
OS: 'Windows 10  (10.0.19044) 64bit Enterprise' Language: 'en' Physical Memory: 16259 MB
BatchMode: 1, IsHumanControllingUs: 0, StartBugReporterOnCrash: 0, Is64bit: 1, IsPro: 0

COMMAND LINE ARGUMENTS:
D:\Unity\Unity Editor\2020.3.25f1\Editor\Unity.exe
-adb2
-batchMode
-noUpm
-name
AssetImportWorker0
-projectPath
E:/GameProject/CreateVFX
-logFile
Logs/AssetImportWorker0.log
-srvPort
64088
Successfully changed project path to: E:/GameProject/CreateVFX
E:/GameProject/CreateVFX
Using Asset Import Pipeline V2.
Refreshing native plugins compatible for Editor in 137.12 ms, found 2 plugins.
Preloading 0 native plugins for Editor in 0.00 ms.
Initialize engine version: 2020.3.25f1 (9b9180224418)
[Subsystems] Discovering subsystems at path D:/Unity/Unity Editor/2020.3.25f1/Editor/Data/Resources/UnitySubsystems
[Subsystems] Discovering subsystems at path E:/GameProject/CreateVFX/Assets
GfxDevice: creating device client; threaded=0
Direct3D:
    Version:  Direct3D 11.0 [level 11.1]
    Renderer: NVIDIA GeForce GTX 1050 (ID=0x1c8d)
    Vendor:   
    VRAM:     4021 MB
    Driver:   30.0.14.7284
Initialize mono
Mono path[0] = 'D:/Unity/Unity Editor/2020.3.25f1/Editor/Data/Managed'
Mono path[1] = 'D:/Unity/Unity Editor/2020.3.25f1/Editor/Data/MonoBleedingEdge/lib/mono/unityjit'
Mono config path = 'D:/Unity/Unity Editor/2020.3.25f1/Editor/Data/MonoBleedingEdge/etc'
Using monoOptions --debugger-agent=transport=dt_socket,embedding=1,server=y,suspend=n,address=127.0.0.1:56888
Begin MonoManager ReloadAssembly
Registering precompiled unity dll's ...
Register platform support module: D:/Unity/Unity Editor/2020.3.25f1/Editor/Data/PlaybackEngines/WindowsStandaloneSupport/UnityEditor.WindowsStandalone.Extensions.dll
Registered in 0.002050 seconds.
Native extension for WindowsStandalone target not found
Refreshing native plugins compatible for Editor in 386.29 ms, found 2 plugins.
Preloading 0 native plugins for Editor in 0.00 ms.
Mono: successfully reloaded assembly
- Completed reload, in  2.036 seconds
Domain Reload Profiling:
	ReloadAssembly (2038ms)
		BeginReloadAssembly (87ms)
			ExecutionOrderSort (0ms)
			DisableScriptedObjects (0ms)
			BackupInstance (0ms)
			ReleaseScriptingObjects (0ms)
			CreateAndSetChildDomain (1ms)
		EndReloadAssembly (1808ms)
			LoadAssemblies (85ms)
			RebuildTransferFunctionScriptingTraits (0ms)
			SetupTypeCache (421ms)
			ReleaseScriptCaches (0ms)
			RebuildScriptCaches (80ms)
			SetupLoadedEditorAssemblies (1041ms)
				LogAssemblyErrors (0ms)
				InitializePlatformSupportModulesInManaged (14ms)
				SetLoadedEditorAssemblies (0ms)
				RefreshPlugins (386ms)
				BeforeProcessingInitializeOnLoad (61ms)
				ProcessInitializeOnLoadAttributes (337ms)
				ProcessInitializeOnLoadMethodAttributes (243ms)
				AfterProcessingInitializeOnLoad (0ms)
				EditorAssembliesLoaded (0ms)
			ExecutionOrderSort2 (0ms)
			AwakeInstancesAfterBackupRestoration (0ms)
Platform modules already initialized, skipping
Registering precompiled user dll's ...
Registered in 0.009094 seconds.
Begin MonoManager ReloadAssembly
Native extension for WindowsStandalone target not found
Refreshing native plugins compatible for Editor in 402.09 ms, found 2 plugins.
Preloading 0 native plugins for Editor in 0.00 ms.
Mono: successfully reloaded assembly
- Completed reload, in  7.598 seconds
Domain Reload Profiling:
	ReloadAssembly (7607ms)
		BeginReloadAssembly (967ms)
			ExecutionOrderSort (0ms)
			DisableScriptedObjects (28ms)
			BackupInstance (0ms)
			ReleaseScriptingObjects (0ms)
			CreateAndSetChildDomain (107ms)
		EndReloadAssembly (6282ms)
			LoadAssemblies (616ms)
			RebuildTransferFunctionScriptingTraits (0ms)
			SetupTypeCache (2459ms)
			ReleaseScriptCaches (2ms)
			RebuildScriptCaches (432ms)
			SetupLoadedEditorAssemblies (2217ms)
				LogAssemblyErrors (0ms)
				InitializePlatformSupportModulesInManaged (21ms)
				SetLoadedEditorAssemblies (0ms)
				RefreshPlugins (402ms)
				BeforeProcessingInitializeOnLoad (410ms)
				ProcessInitializeOnLoadAttributes (1316ms)
				ProcessInitializeOnLoadMethodAttributes (53ms)
				AfterProcessingInitializeOnLoad (14ms)
				EditorAssembliesLoaded (0ms)
			ExecutionOrderSort2 (0ms)
			AwakeInstancesAfterBackupRestoration (52ms)
Platform modules already initialized, skipping
========================================================================
Worker process is ready to serve import requests
Launched and connected shader compiler UnityShaderCompiler.exe after 0.09 seconds
Refreshing native plugins compatible for Editor in 2.44 ms, found 2 plugins.
Preloading 0 native plugins for Editor in 0.00 ms.
Unloading 3404 Unused Serialized files (Serialized files now loaded: 0)
System memory in use before: 192.5 MB.
System memory in use after: 192.6 MB.

Unloading 20 unused Assets to reduce memory usage. Loaded Objects now: 4074.
Total: 10.054300 ms (FindLiveObjects: 0.500000 ms CreateObjectMapping: 1.716800 ms MarkObjects: 7.711300 ms  DeleteObjects: 0.124600 ms)

AssetImportParameters requested are different than current active one (requested -> active):
  custom:framework-win-MediaFoundation: 216162199b28c13a410421893ffa2e32 -> 
  custom:video-decoder-ogg-theora: a1e56fd34408186e4bbccfd4996cb3dc -> 
  custom:container-muxer-webm: aa71ff27fc2769a1b78a27578f13a17b -> 
  custom:container-demuxer-webm: 4f35f7cbe854078d1ac9338744f61a02 -> 
  custom:container-demuxer-ogg: 62fdf1f143b41e24485cea50d1cbac27 -> 
  custom:video-encoder-webm-vp8: eb34c28f22e8b96e1ab97ce403110664 -> 
  custom:video-decoder-webm-vp8: 9c59270c3fd7afecdb556c50c9e8de78 -> 
  custom:audio-decoder-ogg-vorbis: bf7c407c2cedff20999df2af8eb42d56 -> 
  custom:audio-encoder-webm-vorbis: bf7c407c2cedff20999df2af8eb42d56 -> 
========================================================================
Received Import Request.
  path: Assets/VFXPatreon/ToxicWaterfall/GabrielAguiarProductions/Prefabs/vfx_ToxicWaterfall02.prefab
  artifactKey: Guid(657263d3ee7929d438859d8e71eab193) Importer(815301076,1909f56bfc062723c751e8b465ee728b)
Start importing Assets/VFXPatreon/ToxicWaterfall/GabrielAguiarProductions/Prefabs/vfx_ToxicWaterfall02.prefab using Guid(657263d3ee7929d438859d8e71eab193) Importer(815301076,1909f56bfc062723c751e8b465ee728b)  -> (artifact id: 'ac03890ca5457d2f6738ff4bc7acc77a') in 1.031652 seconds 
  Import took 1.116398 seconds .

========================================================================
Received Import Request.
  Time since last request: 40.984943 seconds.
  path: Assets/VFX/_NgchipvGodVFX/Poisedon
  artifactKey: Guid(737436bb27bfbab4a83ef2e2e24e4b44) Importer(815301076,1909f56bfc062723c751e8b465ee728b)
Start importing Assets/VFX/_NgchipvGodVFX/Poisedon using Guid(737436bb27bfbab4a83ef2e2e24e4b44) Importer(815301076,1909f56bfc062723c751e8b465ee728b)  -> (artifact id: 'a8aa340056283eef6e525e9dfaaa5c80') in 0.016374 seconds 
  Import took 0.040003 seconds .

========================================================================
Received Import Request.
  Time since last request: 40.824451 seconds.
  path: Assets/VFX/_NgchipvGodVFX/Poseidon
  artifactKey: Guid(737436bb27bfbab4a83ef2e2e24e4b44) Importer(815301076,1909f56bfc062723c751e8b465ee728b)
Start importing Assets/VFX/_NgchipvGodVFX/Poseidon using Guid(737436bb27bfbab4a83ef2e2e24e4b44) Importer(815301076,1909f56bfc062723c751e8b465ee728b)  -> (artifact id: '9b68adc88e7baef5d0657224a6111eea') in 0.019960 seconds 
  Import took 0.036870 seconds .

========================================================================
Received Import Request.
  Time since last request: 6.424275 seconds.
  path: Assets/VFX/_NgchipvGodVFX/Poseidon/Source
  artifactKey: Guid(e84004278606b8d4fa05dbf643906d01) Importer(815301076,1909f56bfc062723c751e8b465ee728b)
Start importing Assets/VFX/_NgchipvGodVFX/Poseidon/Source using Guid(e84004278606b8d4fa05dbf643906d01) Importer(815301076,1909f56bfc062723c751e8b465ee728b)  -> (artifact id: '31d3b6d5264235e9e518c517bd45c5db') in 0.026137 seconds 
  Import took 0.043337 seconds .

========================================================================
Received Import Request.
  Time since last request: 44.926724 seconds.
  path: Assets/VFXPatreon/WaterFall/Prefabs/vfx_Waterfall_v1 1.prefab
  artifactKey: Guid(9932256f66b76fb4fa342c343d0b64ac) Importer(815301076,1909f56bfc062723c751e8b465ee728b)
Start importing Assets/VFXPatreon/WaterFall/Prefabs/vfx_Waterfall_v1 1.prefab using Guid(9932256f66b76fb4fa342c343d0b64ac) Importer(815301076,1909f56bfc062723c751e8b465ee728b)  -> (artifact id: 'afc58d27ca51d956c2029b93d84a7f36') in 0.124995 seconds 
  Import took 0.150812 seconds .

========================================================================
Received Import Request.
  Time since last request: 224.431951 seconds.
  path: Assets/VFXPatreon/ToxicWaterfall/GabrielAguiarProductions/Prefabs/vfx_ToxicWaterfall01 1.prefab
  artifactKey: Guid(24ca1baf50dcac14ea9ea1cf84b96e7c) Importer(815301076,1909f56bfc062723c751e8b465ee728b)
Start importing Assets/VFXPatreon/ToxicWaterfall/GabrielAguiarProductions/Prefabs/vfx_ToxicWaterfall01 1.prefab using Guid(24ca1baf50dcac14ea9ea1cf84b96e7c) Importer(815301076,1909f56bfc062723c751e8b465ee728b)  -> (artifact id: '03c233e9d1cd526a33537464efe75891') in 3.090827 seconds 
  Import took 3.153277 seconds .

========================================================================
Received Import Request.
  Time since last request: 131.667116 seconds.
  path: Assets/VFXPatreon/WaterFall/Textures/Gradients/GradientCenter04.PNG
  artifactKey: Guid(b3a2a74664dda6f44b5aaaccac83bbfc) Importer(815301076,1909f56bfc062723c751e8b465ee728b)
Start importing Assets/VFXPatreon/WaterFall/Textures/Gradients/GradientCenter04.PNG using Guid(b3a2a74664dda6f44b5aaaccac83bbfc) Importer(815301076,1909f56bfc062723c751e8b465ee728b)  -> (artifact id: 'b7a1852f6cf3a830091238561931b466') in 0.062099 seconds 
  Import took 0.076444 seconds .

========================================================================
Received Import Request.
  Time since last request: 0.423031 seconds.
  path: Assets/VFXPatreon/ToxicWaterfall/GabrielAguiarProductions/Prefabs/VFXGraphs/vfxgraph_SplashParticles02.vfx
  artifactKey: Guid(e1ffea1f17e6d954d843f5046cd85078) Importer(815301076,1909f56bfc062723c751e8b465ee728b)
Start importing Assets/VFXPatreon/ToxicWaterfall/GabrielAguiarProductions/Prefabs/VFXGraphs/vfxgraph_SplashParticles02.vfx using Guid(e1ffea1f17e6d954d843f5046cd85078) Importer(815301076,1909f56bfc062723c751e8b465ee728b)  -> (artifact id: 'ba63a6fc6dfbba932debb8b069effb01') in 0.016485 seconds 
  Import took 0.028061 seconds .

========================================================================
Received Import Request.
  Time since last request: 0.068986 seconds.
  path: Assets/VFXPatreon/ToxicWaterfall/GabrielAguiarProductions/Shaders/BloodShader.shadergraph
  artifactKey: Guid(cc3f4b2369dc10447b40a42f49c40b86) Importer(815301076,1909f56bfc062723c751e8b465ee728b)
Start importing Assets/VFXPatreon/ToxicWaterfall/GabrielAguiarProductions/Shaders/BloodShader.shadergraph using Guid(cc3f4b2369dc10447b40a42f49c40b86) Importer(815301076,1909f56bfc062723c751e8b465ee728b)  -> (artifact id: '877fe421046fb129abfcc92ce4f9a7b9') in 0.112038 seconds 
  Import took 0.122053 seconds .

========================================================================
Received Import Request.
  Time since last request: 0.019650 seconds.
  path: Assets/VFXPatreon/WaterFall/Materials/Foam01_Unlit.mat
  artifactKey: Guid(58d0681481c7a0e4a939179964d76b85) Importer(815301076,1909f56bfc062723c751e8b465ee728b)
Start importing Assets/VFXPatreon/WaterFall/Materials/Foam01_Unlit.mat using Guid(58d0681481c7a0e4a939179964d76b85) Importer(815301076,1909f56bfc062723c751e8b465ee728b)  -> (artifact id: 'd291f1420787a7ed4cc8fb044e6e5fa7') in 0.251839 seconds 
  Import took 0.305310 seconds .

========================================================================
Received Import Request.
  Time since last request: 0.041143 seconds.
  path: Assets/VFXPatreon/WaterFall/Materials/RipplesWaterfall01.mat
  artifactKey: Guid(9f863344f0534244c9cc421023d5db69) Importer(815301076,1909f56bfc062723c751e8b465ee728b)
Start importing Assets/VFXPatreon/WaterFall/Materials/RipplesWaterfall01.mat using Guid(9f863344f0534244c9cc421023d5db69) Importer(815301076,1909f56bfc062723c751e8b465ee728b)  -> (artifact id: '756ca02541550cde5aaf8ca9ed498e4e') in 0.137448 seconds 
  Import took 0.162577 seconds .

========================================================================
Received Import Request.
  Time since last request: 0.025279 seconds.
  path: Assets/VFXPatreon/WaterFall/Materials/WaterfallShader01_Unlit.mat
  artifactKey: Guid(8391dfecac51f9b45bcaa7883f4547df) Importer(815301076,1909f56bfc062723c751e8b465ee728b)
Start importing Assets/VFXPatreon/WaterFall/Materials/WaterfallShader01_Unlit.mat using Guid(8391dfecac51f9b45bcaa7883f4547df) Importer(815301076,1909f56bfc062723c751e8b465ee728b)  -> (artifact id: 'a3f308e736681c47c53c455f97f506dc') in 0.020299 seconds 
  Import took 0.053500 seconds .

========================================================================
Received Import Request.
  Time since last request: 0.062410 seconds.
  path: Assets/VFXPatreon/WaterFall/Textures/Gradients/GradientCenter05.PNG
  artifactKey: Guid(bc60f506f80ac034688794c1b7fe6a1e) Importer(815301076,1909f56bfc062723c751e8b465ee728b)
Start importing Assets/VFXPatreon/WaterFall/Textures/Gradients/GradientCenter05.PNG using Guid(bc60f506f80ac034688794c1b7fe6a1e) Importer(815301076,1909f56bfc062723c751e8b465ee728b)  -> (artifact id: 'c7f4b0f339fe9fe0b3b87366174f4918') in 0.033924 seconds 
  Import took 0.045842 seconds .

========================================================================
Received Import Request.
  Time since last request: 0.010654 seconds.
  path: Assets/VFXPatreon/ToxicWaterfall/GabrielAguiarProductions/Materials/ToxicWaterfallShader01.mat
  artifactKey: Guid(a68062e12b1b199458aaba61ba17e3ee) Importer(815301076,1909f56bfc062723c751e8b465ee728b)
Start importing Assets/VFXPatreon/ToxicWaterfall/GabrielAguiarProductions/Materials/ToxicWaterfallShader01.mat using Guid(a68062e12b1b199458aaba61ba17e3ee) Importer(815301076,1909f56bfc062723c751e8b465ee728b)  -> (artifact id: '8564f9507dec560da6552425ea15681b') in 0.022129 seconds 
  Import took 0.030363 seconds .

========================================================================
Received Import Request.
  Time since last request: 0.077708 seconds.
  path: Assets/VFXPatreon/ToxicWaterfall/GabrielAguiarProductions/Models/ToxicWaterfallMeshes01.blend
  artifactKey: Guid(dd1ff75d06f7309428ff77e7f3c6207a) Importer(815301076,1909f56bfc062723c751e8b465ee728b)
Start importing Assets/VFXPatreon/ToxicWaterfall/GabrielAguiarProductions/Models/ToxicWaterfallMeshes01.blend using Guid(dd1ff75d06f7309428ff77e7f3c6207a) Importer(815301076,1909f56bfc062723c751e8b465ee728b)  -> (artifact id: '3b80b53f0d24640e6a4ab14e98f49bd4') in 0.837959 seconds 
  Import took 0.853310 seconds .

========================================================================
Received Import Request.
  Time since last request: 0.094760 seconds.
  path: Assets/VFXPatreon/ToxicWaterfall/GabrielAguiarProductions/Prefabs/VFXGraphs/vfxgraph_SplashRing.vfx
  artifactKey: Guid(8536249233decd1438b349b2e746d675) Importer(815301076,1909f56bfc062723c751e8b465ee728b)
Start importing Assets/VFXPatreon/ToxicWaterfall/GabrielAguiarProductions/Prefabs/VFXGraphs/vfxgraph_SplashRing.vfx using Guid(8536249233decd1438b349b2e746d675) Importer(815301076,1909f56bfc062723c751e8b465ee728b)  -> (artifact id: 'bd43ded6c5afe00e90240a9bf9460e0e') in 0.011292 seconds 
  Import took 0.020257 seconds .

========================================================================
Received Import Request.
  Time since last request: 0.104323 seconds.
  path: Assets/VFXPatreon/WaterFall/Shaders/WaterfallShader01_Unlit.shadergraph
  artifactKey: Guid(4d3a2bbfc2d9207478c8c6f2ddb0f10a) Importer(815301076,1909f56bfc062723c751e8b465ee728b)
Start importing Assets/VFXPatreon/WaterFall/Shaders/WaterfallShader01_Unlit.shadergraph using Guid(4d3a2bbfc2d9207478c8c6f2ddb0f10a) Importer(815301076,1909f56bfc062723c751e8b465ee728b)  -> (artifact id: 'a926d750d5c02c1efbe0dbe94f1d0a48') in 0.004588 seconds 
  Import took 0.017953 seconds .

========================================================================
Received Import Request.
  Time since last request: 0.169533 seconds.
  path: Assets/VFXPatreon/ToxicWaterfall/GabrielAguiarProductions/Prefabs/VFXGraphs/vfxgraph_Mist.vfx
  artifactKey: Guid(22f81c97f622f4b419118e97ae05387c) Importer(815301076,1909f56bfc062723c751e8b465ee728b)
Start importing Assets/VFXPatreon/ToxicWaterfall/GabrielAguiarProductions/Prefabs/VFXGraphs/vfxgraph_Mist.vfx using Guid(22f81c97f622f4b419118e97ae05387c) Importer(815301076,1909f56bfc062723c751e8b465ee728b)  -> (artifact id: 'c1760e8892880deab7f3e69e498aa187') in 0.041086 seconds 
  Import took 0.067930 seconds .

========================================================================
Received Import Request.
  Time since last request: 0.222646 seconds.
  path: Assets/VFXPatreon/ToxicWaterfall/GabrielAguiarProductions/Textures/RealisticSmoke02_6x6.png
  artifactKey: Guid(89fcc0c21bbc64a4ea1a730b66c7cd48) Importer(815301076,1909f56bfc062723c751e8b465ee728b)
Start importing Assets/VFXPatreon/ToxicWaterfall/GabrielAguiarProductions/Textures/RealisticSmoke02_6x6.png using Guid(89fcc0c21bbc64a4ea1a730b66c7cd48) Importer(815301076,1909f56bfc062723c751e8b465ee728b)  -> (artifact id: '614dfaa7e9f6027bb3c1f0360bbf34ba') in 0.229730 seconds 
  Import took 0.322469 seconds .

========================================================================
Received Import Request.
  Time since last request: 0.034656 seconds.
  path: Assets/VFXPatreon/ToxicWaterfall/GabrielAguiarProductions/Materials/ToxicWaterfallShader03.mat
  artifactKey: Guid(309876f5eb8454d439e1dc3b29560f02) Importer(815301076,1909f56bfc062723c751e8b465ee728b)
Start importing Assets/VFXPatreon/ToxicWaterfall/GabrielAguiarProductions/Materials/ToxicWaterfallShader03.mat using Guid(309876f5eb8454d439e1dc3b29560f02) Importer(815301076,1909f56bfc062723c751e8b465ee728b)  -> (artifact id: '638b0151eb41c6dd2cc7b084625843ef') in 0.019540 seconds 
  Import took 0.031243 seconds .

========================================================================
Received Import Request.
  Time since last request: 0.160326 seconds.
  path: Assets/VFXPatreon/WaterFall/Materials/Ripples01_Unlit.mat
  artifactKey: Guid(445659e79fdecaa4bb8d260930a43983) Importer(815301076,1909f56bfc062723c751e8b465ee728b)
Start importing Assets/VFXPatreon/WaterFall/Materials/Ripples01_Unlit.mat using Guid(445659e79fdecaa4bb8d260930a43983) Importer(815301076,1909f56bfc062723c751e8b465ee728b)  -> (artifact id: '9cf9b18c91191857c6492e85288417fa') in 0.031807 seconds 
  Import took 0.043058 seconds .

========================================================================
Received Import Request.
  Time since last request: 0.112169 seconds.
  path: Assets/VFXPatreon/ToxicWaterfall/GabrielAguiarProductions/Shaders/ToxicWaterfallShader.shadergraph
  artifactKey: Guid(5c7958829eb134f42873759f7a79af23) Importer(815301076,1909f56bfc062723c751e8b465ee728b)
Start importing Assets/VFXPatreon/ToxicWaterfall/GabrielAguiarProductions/Shaders/ToxicWaterfallShader.shadergraph using Guid(5c7958829eb134f42873759f7a79af23) Importer(815301076,1909f56bfc062723c751e8b465ee728b)  -> (artifact id: '3ca8d8285ee6a1dce3d3b38a58ce12ca') in 0.011651 seconds 
  Import took 0.046587 seconds .

========================================================================
Received Import Request.
  Time since last request: 0.223994 seconds.
  path: Assets/VFXPatreon/ToxicWaterfall/GabrielAguiarProductions/Prefabs/VFXGraphs/vfxgraph_SplashParticles.vfx
  artifactKey: Guid(48e4578babdd90245a061262a31c0494) Importer(815301076,1909f56bfc062723c751e8b465ee728b)
Start importing Assets/VFXPatreon/ToxicWaterfall/GabrielAguiarProductions/Prefabs/VFXGraphs/vfxgraph_SplashParticles.vfx using Guid(48e4578babdd90245a061262a31c0494) Importer(815301076,1909f56bfc062723c751e8b465ee728b)  -> (artifact id: '702f63f67d3307dbcf057325b217bd10') in 0.022351 seconds 
  Import took 0.031784 seconds .

========================================================================
Received Import Request.
  Time since last request: 0.121431 seconds.
  path: Assets/VFXPatreon/WaterFall/Shaders/ScrollShader01_Unlit.shadergraph
  artifactKey: Guid(fca07e86c858d9a4a9ada4f97998af64) Importer(815301076,1909f56bfc062723c751e8b465ee728b)
Start importing Assets/VFXPatreon/WaterFall/Shaders/ScrollShader01_Unlit.shadergraph using Guid(fca07e86c858d9a4a9ada4f97998af64) Importer(815301076,1909f56bfc062723c751e8b465ee728b)  -> (artifact id: 'c7a5a96082ed63bc2d4ab75cd8f8ad5c') in 0.018440 seconds 
  Import took 0.041273 seconds .

========================================================================
Received Import Request.
  Time since last request: 0.045262 seconds.
  path: Assets/VFXPatreon/WaterFall/Textures/BloodSplash01.png
  artifactKey: Guid(397f8b9ba1a3c8648acdd6f1418fb069) Importer(815301076,1909f56bfc062723c751e8b465ee728b)
Start importing Assets/VFXPatreon/WaterFall/Textures/BloodSplash01.png using Guid(397f8b9ba1a3c8648acdd6f1418fb069) Importer(815301076,1909f56bfc062723c751e8b465ee728b)  -> (artifact id: 'da8978f075a6d48132595510a056730b') in 0.181660 seconds 
  Import took 0.216223 seconds .

========================================================================
Received Import Request.
  Time since last request: 0.026920 seconds.
  path: Assets/VFXPatreon/WaterFall/Shaders/BloodShader01.shadergraph
  artifactKey: Guid(dcd080f42ba67ce43a1e5da7e0b613c4) Importer(815301076,1909f56bfc062723c751e8b465ee728b)
Start importing Assets/VFXPatreon/WaterFall/Shaders/BloodShader01.shadergraph using Guid(dcd080f42ba67ce43a1e5da7e0b613c4) Importer(815301076,1909f56bfc062723c751e8b465ee728b)  -> (artifact id: '14cb4373640b99116b76ae61d4b1bdad') in 0.010028 seconds 
  Import took 0.018985 seconds .

========================================================================
Received Import Request.
  Time since last request: 0.041010 seconds.
  path: Assets/VFXPatreon/WaterFall/Textures/PlasticRidges_Albedo.tif
  artifactKey: Guid(646a510cc99f7cb4caca25f7128f9041) Importer(815301076,1909f56bfc062723c751e8b465ee728b)
Start importing Assets/VFXPatreon/WaterFall/Textures/PlasticRidges_Albedo.tif using Guid(646a510cc99f7cb4caca25f7128f9041) Importer(815301076,1909f56bfc062723c751e8b465ee728b)  -> (artifact id: '2a7e269ab908a049ad6f5d925dcee7f3') in 0.023611 seconds 
  Import took 0.036725 seconds .

========================================================================
Received Import Request.
  Time since last request: 0.038073 seconds.
  path: Assets/VFXPatreon/WaterFall/Textures/Ripples01.PNG
  artifactKey: Guid(1d02236f13f27ac42a4e88801990d346) Importer(815301076,1909f56bfc062723c751e8b465ee728b)
Start importing Assets/VFXPatreon/WaterFall/Textures/Ripples01.PNG using Guid(1d02236f13f27ac42a4e88801990d346) Importer(815301076,1909f56bfc062723c751e8b465ee728b)  -> (artifact id: 'df621f1da0c9aba0acb773b11c68bc93') in 0.027753 seconds 
  Import took 0.040749 seconds .

========================================================================
Received Import Request.
  Time since last request: 0.033634 seconds.
  path: Assets/VFXPatreon/WaterFall/Materials/Splash02.mat
  artifactKey: Guid(2dd090ccfef131d43a2899e0e771e04b) Importer(815301076,1909f56bfc062723c751e8b465ee728b)
Start importing Assets/VFXPatreon/WaterFall/Materials/Splash02.mat using Guid(2dd090ccfef131d43a2899e0e771e04b) Importer(815301076,1909f56bfc062723c751e8b465ee728b)  -> (artifact id: '4c3f0a7e9a39e0b1ae4672fdf9862087') in 0.027106 seconds 
  Import took 0.044727 seconds .

========================================================================
Received Import Request.
  Time since last request: 0.040093 seconds.
  path: Assets/VFXPatreon/ToxicWaterfall/GabrielAguiarProductions/Prefabs/VFXGraphs/vfxgraph_GroundParticles.vfx
  artifactKey: Guid(977f52ad1a3059f4db5399d3de8c6873) Importer(815301076,1909f56bfc062723c751e8b465ee728b)
Start importing Assets/VFXPatreon/ToxicWaterfall/GabrielAguiarProductions/Prefabs/VFXGraphs/vfxgraph_GroundParticles.vfx using Guid(977f52ad1a3059f4db5399d3de8c6873) Importer(815301076,1909f56bfc062723c751e8b465ee728b)  -> (artifact id: '8ca8cf3df671a7f44a39018c95aaafe8') in 0.010564 seconds 
  Import took 0.026137 seconds .

========================================================================
Received Import Request.
  Time since last request: 0.081877 seconds.
  path: Assets/VFXPatreon/WaterFall/Textures/Beam/Beam01Grey.PNG
  artifactKey: Guid(f628f51844cff8744a52a2cb8ef779c0) Importer(815301076,1909f56bfc062723c751e8b465ee728b)
Start importing Assets/VFXPatreon/WaterFall/Textures/Beam/Beam01Grey.PNG using Guid(f628f51844cff8744a52a2cb8ef779c0) Importer(815301076,1909f56bfc062723c751e8b465ee728b)  -> (artifact id: 'cd3ee942b13686ed1aa964c929e42c10') in 0.030866 seconds 
  Import took 0.050580 seconds .

========================================================================
Received Import Request.
  Time since last request: 0.016427 seconds.
  path: Assets/VFXPatreon/ToxicWaterfall/GabrielAguiarProductions/Materials/ToxicWaterfallShader02.mat
  artifactKey: Guid(bf0b8fa909d687b449ee4252df1acb67) Importer(815301076,1909f56bfc062723c751e8b465ee728b)
Start importing Assets/VFXPatreon/ToxicWaterfall/GabrielAguiarProductions/Materials/ToxicWaterfallShader02.mat using Guid(bf0b8fa909d687b449ee4252df1acb67) Importer(815301076,1909f56bfc062723c751e8b465ee728b)  -> (artifact id: '7190ef7c07ab4506b8dd3a6073296033') in 0.030968 seconds 
  Import took 0.049304 seconds .

AssetImportWorkerClient::OnTransportError - code=2 error=End of file
